<?xml version="1.0" encoding="UTF-8"?>
<!-- Generated by org.testng.reporters.JUnitXMLReporter -->
<testsuite hostname="DESKTOP-QPAOO8E" ignored="0" name="CalculateTest" tests="8" failures="2" timestamp="2019-03-11T11:05:09 EET" time="5.385" errors="0">
  <testcase name="checkRoundTo4Places" time="0.3" classname="com.epam.labTA.web.CalculateAPITest"/>
  <testcase name="verifyForbiddenZeroDivision" time="0.017" classname="com.epam.labTA.web.CalculateAPITest"/>
  <testcase name="verifyNegativeNumber" time="0.02" classname="com.epam.labTA.web.CalculateAPITest">
    <failure type="java.lang.AssertionError" message="did not expect to find [-5.0] but found [5.0]">
      <![CDATA[java.lang.AssertionError: did not expect to find [-5.0] but found [5.0]
at com.epam.labTA.web.CalculateAPITest.verifyNegativeNumber(CalculateAPITest.java:136)
... Removed 34 stack frames]]>
    </failure>
  </testcase> <!-- verifyNegativeNumber -->
  <testcase name="verifyOtherOperationNotCalculate" time="0.008" classname="com.epam.labTA.web.CalculateAPITest"/>
  <testcase name="verifyRightCalculateOperationRest" time="0.035" classname="com.epam.labTA.web.CalculateAPITest"/>
  <testcase name="verifyRightCalculateOperationSoap" time="0.036" classname="com.epam.labTA.web.CalculateAPITest"/>
  <testcase name="checkMessagefromRestServiceTest" time="0.017" classname="com.epam.labTA.web.CalculatorRestAPITest">
    <failure type="java.lang.AssertionError" message="expected [[&amp;quot;value1-&amp;gt; 12,000000;  value2-&amp;gt; 3,000000; operation: &amp;apos;+&amp;apos;; answer-&amp;gt; 15,0000 &amp;quot;]] but found [[&amp;quot;value1-&amp;gt; 45,000000;  value2-&amp;gt; 11,000000; operation: &amp;apos;*&amp;apos;; answer-&amp;gt; 495,0000 &amp;quot;,&amp;quot;value1-&amp;gt; 12,000000;  value2-&amp;gt; 3,000000; operation: &amp;apos;+&amp;apos;; answer-&amp;gt; 15,0000 &amp;quot;,&amp;quot;value1-&amp;gt; 12,000000;  value2-&amp;gt; 3,000000; operation: &amp;apos;+&amp;apos;; answer-&amp;gt; 15,0000 &amp;quot;,&amp;quot;value1-&amp;gt; 5,000000;  value2-&amp;gt; 6,000000; operation: &amp;apos;/&amp;apos;; answer-&amp;gt; 0,8333 &amp;quot;,&amp;quot;value1-&amp;gt; 6,000000;  value2-&amp;gt; 11,000000; operation: &amp;apos;-&amp;apos;; answer-&amp;gt; -5,0000 &amp;quot;,&amp;quot;value1-&amp;gt; 222,000000;  value2-&amp;gt; 145,000000; operation: &amp;apos;*&amp;apos;; answer-&amp;gt; 32190,0000 &amp;quot;,&amp;quot;value1-&amp;gt; 222,000000;  value2-&amp;gt; 145,000000; operation: &amp;apos;+&amp;apos;; answer-&amp;gt; 367,0000 &amp;quot;,&amp;quot;value1-&amp;gt; 222,000000;  value2-&amp;gt; 145,000000; operation: &amp;apos;-&amp;apos;; answer-&amp;gt; 77,0000 &amp;quot;,&amp;quot;value1-&amp;gt; 222,000000;  value2-&amp;gt; 145,000000; operation: &amp;apos;%&amp;apos;; answer-&amp;gt; 153,1034 &amp;quot;,&amp;quot;value1-&amp;gt; 12,000000;  value2-&amp;gt; 3,000000; operation: &amp;apos;+&amp;apos;; answer-&amp;gt; 15,0000 &amp;quot;,&amp;quot;value1-&amp;gt; 5,000000;  value2-&amp;gt; 6,000000; operation: &amp;apos;/&amp;apos;; answer-&amp;gt; 0,8333 &amp;quot;,&amp;quot;value1-&amp;gt; 6,000000;  value2-&amp;gt; 11,000000; operation: &amp;apos;-&amp;apos;; answer-&amp;gt; -5,0000 &amp;quot;,&amp;quot;value1-&amp;gt; 222,000000;  value2-&amp;gt; 145,000000; operation: &amp;apos;*&amp;apos;; answer-&amp;gt; 32190,0000 &amp;quot;,&amp;quot;value1-&amp;gt; 222,000000;  value2-&amp;gt; 145,000000; operation: &amp;apos;+&amp;apos;; answer-&amp;gt; 367,0000 &amp;quot;,&amp;quot;value1-&amp;gt; 222,000000;  value2-&amp;gt; 145,000000; operation: &amp;apos;-&amp;apos;; answer-&amp;gt; 77,0000 &amp;quot;,&amp;quot;value1-&amp;gt; 222,000000;  value2-&amp;gt; 145,000000; operation: &amp;apos;%&amp;apos;; answer-&amp;gt; 153,1034 &amp;quot;,&amp;quot;value1-&amp;gt; 12,000000;  value2-&amp;gt; 3,000000; operation: &amp;apos;+&amp;apos;; answer-&amp;gt; 15,0000 &amp;quot;,&amp;quot;value1-&amp;gt; 5,000000;  value2-&amp;gt; 6,000000; operation: &amp;apos;/&amp;apos;; answer-&amp;gt; 0,8333 &amp;quot;,&amp;quot;value1-&amp;gt; 6,000000;  value2-&amp;gt; 11,000000; operation: &amp;apos;-&amp;apos;; answer-&amp;gt; -5,0000 &amp;quot;,&amp;quot;value1-&amp;gt; 222,000000;  value2-&amp;gt; 145,000000; operation: &amp;apos;*&amp;apos;; answer-&amp;gt; 32190,0000 &amp;quot;,&amp;quot;value1-&amp;gt; 222,000000;  value2-&amp;gt; 145,000000; operation: &amp;apos;+&amp;apos;; answer-&amp;gt; 367,0000 &amp;quot;,&amp;quot;value1-&amp;gt; 222,000000;  value2-&amp;gt; 145,000000; operation: &amp;apos;-&amp;apos;; answer-&amp;gt; 77,0000 &amp;quot;,&amp;quot;value1-&amp;gt; 222,000000;  value2-&amp;gt; 145,000000; operation: &amp;apos;%&amp;apos;; answer-&amp;gt; 153,1034 &amp;quot;,&amp;quot;value1-&amp;gt; 12,000000;  value2-&amp;gt; 3,000000; operation: &amp;apos;+&amp;apos;; answer-&amp;gt; 15,0000 &amp;quot;,&amp;quot;value1-&amp;gt; 222,000000;  value2-&amp;gt; 145,000000; operation: &amp;apos;*&amp;apos;; answer-&amp;gt; 32190,0000 &amp;quot;,&amp;quot;value1-&amp;gt; 5,000000;  value2-&amp;gt; 6,000000; operation: &amp;apos;/&amp;apos;; answer-&amp;gt; 0,8333 &amp;quot;,&amp;quot;value1-&amp;gt; 6,000000;  value2-&amp;gt; 11,000000; operation: &amp;apos;-&amp;apos;; answer-&amp;gt; -5,0000 &amp;quot;,&amp;quot;value1-&amp;gt; 12,000000;  value2-&amp;gt; 3,000000; operation: &amp;apos;+&amp;apos;; answer-&amp;gt; 15,0000 &amp;quot;,&amp;quot;value1-&amp;gt; 12,000000;  value2-&amp;gt; 3,000000; operation: &amp;apos;+&amp;apos;; answer-&amp;gt; 15,0000 &amp;quot;,&amp;quot;value1-&amp;gt; 222,000000;  value2-&amp;gt; 145,000000; operation: &amp;apos;*&amp;apos;; answer-&amp;gt; 32190,0000 &amp;quot;,&amp;quot;value1-&amp;gt; 222,000000;  value2-&amp;gt; 145,000000; operation: &amp;apos;+&amp;apos;; answer-&amp;gt; 367,0000 &amp;quot;,&amp;quot;value1-&amp;gt; 222,000000;  value2-&amp;gt; 145,000000; operation: &amp;apos;-&amp;apos;; answer-&amp;gt; 77,0000 &amp;quot;,&amp;quot;value1-&amp;gt; 222,000000;  value2-&amp;gt; 145,000000; operation: &amp;apos;%&amp;apos;; answer-&amp;gt; 153,1034 &amp;quot;,&amp;quot;value1-&amp;gt; 6,000000;  value2-&amp;gt; 11,000000; operation: &amp;apos;-&amp;apos;; answer-&amp;gt; -5,0000 &amp;quot;,&amp;quot;value1-&amp;gt; 5,000000;  value2-&amp;gt; 6,000000; operation: &amp;apos;/&amp;apos;; answer-&amp;gt; 0,8333 &amp;quot;,&amp;quot;value1-&amp;gt; 12,000000;  value2-&amp;gt; 3,000000; operation: &amp;apos;+&amp;apos;; answer-&amp;gt; 15,0000 &amp;quot;,&amp;quot;value1-&amp;gt; 12,000000;  value2-&amp;gt; 3,000000; operation: &amp;apos;+&amp;apos;; answer-&amp;gt; 15,0000 &amp;quot;,&amp;quot;value1-&amp;gt; 12,000000;  value2-&amp;gt; 3,000000; operation: &amp;apos;+&amp;apos;; answer-&amp;gt; 15,0000 &amp;quot;,&amp;quot;value1-&amp;gt; 5,000000;  value2-&amp;gt; 6,000000; operation: &amp;apos;/&amp;apos;; answer-&amp;gt; 0,8333 &amp;quot;,&amp;quot;value1-&amp;gt; 6,000000;  value2-&amp;gt; 11,000000; operation: &amp;apos;-&amp;apos;; answer-&amp;gt; -5,0000 &amp;quot;,&amp;quot;value1-&amp;gt; 222,000000;  value2-&amp;gt; 145,000000; operation: &amp;apos;*&amp;apos;; answer-&amp;gt; 32190,0000 &amp;quot;,&amp;quot;value1-&amp;gt; 222,000000;  value2-&amp;gt; 145,000000; operation: &amp;apos;+&amp;apos;; answer-&amp;gt; 367,0000 &amp;quot;,&amp;quot;value1-&amp;gt; 222,000000;  value2-&amp;gt; 145,000000; operation: &amp;apos;-&amp;apos;; answer-&amp;gt; 77,0000 &amp;quot;,&amp;quot;value1-&amp;gt; 222,000000;  value2-&amp;gt; 145,000000; operation: &amp;apos;%&amp;apos;; answer-&amp;gt; 153,1034 &amp;quot;,&amp;quot;value1-&amp;gt; 5,000000;  value2-&amp;gt; 6,000000; operation: &amp;apos;/&amp;apos;; answer-&amp;gt; 0,8333 &amp;quot;,&amp;quot;value1-&amp;gt; 6,000000;  value2-&amp;gt; 11,000000; operation: &amp;apos;-&amp;apos;; answer-&amp;gt; -5,0000 &amp;quot;,&amp;quot;value1-&amp;gt; 222,000000;  value2-&amp;gt; 145,000000; operation: &amp;apos;*&amp;apos;; answer-&amp;gt; 32190,0000 &amp;quot;,&amp;quot;value1-&amp;gt; 222,000000;  value2-&amp;gt; 145,000000; operation: &amp;apos;+&amp;apos;; answer-&amp;gt; 367,0000 &amp;quot;,&amp;quot;value1-&amp;gt; 222,000000;  value2-&amp;gt; 145,000000; operation: &amp;apos;-&amp;apos;; answer-&amp;gt; 77,0000 &amp;quot;,&amp;quot;value1-&amp;gt; 222,000000;  value2-&amp;gt; 145,000000; operation: &amp;apos;%&amp;apos;; answer-&amp;gt; 153,1034 &amp;quot;,&amp;quot;value1-&amp;gt; 12,000000;  value2-&amp;gt; 3,000000; operation: &amp;apos;+&amp;apos;; answer-&amp;gt; 15,0000 &amp;quot;,&amp;quot;value1-&amp;gt; 45,000000;  value2-&amp;gt; 11,000000; operation: &amp;apos;*&amp;apos;; answer-&amp;gt; 495,0000 &amp;quot;,&amp;quot;value1-&amp;gt; 5,000000;  value2-&amp;gt; 6,000000; operation: &amp;apos;/&amp;apos;; answer-&amp;gt; 0,8333 &amp;quot;,&amp;quot;value1-&amp;gt; 6,000000;  value2-&amp;gt; 11,000000; operation: &amp;apos;-&amp;apos;; answer-&amp;gt; -5,0000 &amp;quot;,&amp;quot;value1-&amp;gt; 222,000000;  value2-&amp;gt; 145,000000; operation: &amp;apos;*&amp;apos;; answer-&amp;gt; 32190,0000 &amp;quot;,&amp;quot;value1-&amp;gt; 222,000000;  value2-&amp;gt; 145,000000; operation: &amp;apos;+&amp;apos;; answer-&amp;gt; 367,0000 &amp;quot;,&amp;quot;value1-&amp;gt; 222,000000;  value2-&amp;gt; 145,000000; operation: &amp;apos;-&amp;apos;; answer-&amp;gt; 77,0000 &amp;quot;,&amp;quot;value1-&amp;gt; 222,000000;  value2-&amp;gt; 145,000000; operation: &amp;apos;%&amp;apos;; answer-&amp;gt; 153,1034 &amp;quot;,&amp;quot;value1-&amp;gt; 12,000000;  value2-&amp;gt; 3,000000; operation: &amp;apos;+&amp;apos;; answer-&amp;gt; 15,0000 &amp;quot;,&amp;quot;value1-&amp;gt; 45,000000;  value2-&amp;gt; 11,000000; operation: &amp;apos;*&amp;apos;; answer-&amp;gt; 495,0000 &amp;quot;,&amp;quot;value1-&amp;gt; 5,000000;  value2-&amp;gt; 6,000000; operation: &amp;apos;/&amp;apos;; answer-&amp;gt; 0,8333 &amp;quot;,&amp;quot;value1-&amp;gt; 6,000000;  value2-&amp;gt; 11,000000; operation: &amp;apos;-&amp;apos;; answer-&amp;gt; -5,0000 &amp;quot;,&amp;quot;value1-&amp;gt; 222,000000;  value2-&amp;gt; 145,000000; operation: &amp;apos;*&amp;apos;; answer-&amp;gt; 32190,0000 &amp;quot;,&amp;quot;value1-&amp;gt; 222,000000;  value2-&amp;gt; 145,000000; operation: &amp;apos;+&amp;apos;; answer-&amp;gt; 367,0000 &amp;quot;,&amp;quot;value1-&amp;gt; 222,000000;  value2-&amp;gt; 145,000000; operation: &amp;apos;-&amp;apos;; answer-&amp;gt; 77,0000 &amp;quot;,&amp;quot;value1-&amp;gt; 222,000000;  value2-&amp;gt; 145,000000; operation: &amp;apos;%&amp;apos;; answer-&amp;gt; 153,1034 &amp;quot;,&amp;quot;value1-&amp;gt; 12,000000;  value2-&amp;gt; 3,000000; operation: &amp;apos;+&amp;apos;; answer-&amp;gt; 15,0000 &amp;quot;,&amp;quot;value1-&amp;gt; 45,000000;  value2-&amp;gt; 11,000000; operation: &amp;apos;*&amp;apos;; answer-&amp;gt; 495,0000 &amp;quot;,&amp;quot;value1-&amp;gt; 5,000000;  value2-&amp;gt; 6,000000; operation: &amp;apos;/&amp;apos;; answer-&amp;gt; 0,8333 &amp;quot;,&amp;quot;value1-&amp;gt; 6,000000;  value2-&amp;gt; 11,000000; operation: &amp;apos;-&amp;apos;; answer-&amp;gt; -5,0000 &amp;quot;,&amp;quot;value1-&amp;gt; 222,000000;  value2-&amp;gt; 145,000000; operation: &amp;apos;*&amp;apos;; answer-&amp;gt; 32190,0000 &amp;quot;,&amp;quot;value1-&amp;gt; 222,000000;  value2-&amp;gt; 145,000000; operation: &amp;apos;+&amp;apos;; answer-&amp;gt; 367,0000 &amp;quot;,&amp;quot;value1-&amp;gt; 222,000000;  value2-&amp;gt; 145,000000; operation: &amp;apos;-&amp;apos;; answer-&amp;gt; 77,0000 &amp;quot;,&amp;quot;value1-&amp;gt; 222,000000;  value2-&amp;gt; 145,000000; operation: &amp;apos;%&amp;apos;; answer-&amp;gt; 153,1034 &amp;quot;,&amp;quot;value1-&amp;gt; 12,000000;  value2-&amp;gt; 3,000000; operation: &amp;apos;+&amp;apos;; answer-&amp;gt; 15,0000 &amp;quot;]]">
      <![CDATA[java.lang.AssertionError: expected [["value1-> 12,000000;  value2-> 3,000000; operation: '+'; answer-> 15,0000 "]] but found [["value1-> 45,000000;  value2-> 11,000000; operation: '*'; answer-> 495,0000 ","value1-> 12,000000;  value2-> 3,000000; operation: '+'; answer-> 15,0000 ","value1-> 12,000000;  value2-> 3,000000; operation: '+'; answer-> 15,0000 ","value1-> 5,000000;  value2-> 6,000000; operation: '/'; answer-> 0,8333 ","value1-> 6,000000;  value2-> 11,000000; operation: '-'; answer-> -5,0000 ","value1-> 222,000000;  value2-> 145,000000; operation: '*'; answer-> 32190,0000 ","value1-> 222,000000;  value2-> 145,000000; operation: '+'; answer-> 367,0000 ","value1-> 222,000000;  value2-> 145,000000; operation: '-'; answer-> 77,0000 ","value1-> 222,000000;  value2-> 145,000000; operation: '%'; answer-> 153,1034 ","value1-> 12,000000;  value2-> 3,000000; operation: '+'; answer-> 15,0000 ","value1-> 5,000000;  value2-> 6,000000; operation: '/'; answer-> 0,8333 ","value1-> 6,000000;  value2-> 11,000000; operation: '-'; answer-> -5,0000 ","value1-> 222,000000;  value2-> 145,000000; operation: '*'; answer-> 32190,0000 ","value1-> 222,000000;  value2-> 145,000000; operation: '+'; answer-> 367,0000 ","value1-> 222,000000;  value2-> 145,000000; operation: '-'; answer-> 77,0000 ","value1-> 222,000000;  value2-> 145,000000; operation: '%'; answer-> 153,1034 ","value1-> 12,000000;  value2-> 3,000000; operation: '+'; answer-> 15,0000 ","value1-> 5,000000;  value2-> 6,000000; operation: '/'; answer-> 0,8333 ","value1-> 6,000000;  value2-> 11,000000; operation: '-'; answer-> -5,0000 ","value1-> 222,000000;  value2-> 145,000000; operation: '*'; answer-> 32190,0000 ","value1-> 222,000000;  value2-> 145,000000; operation: '+'; answer-> 367,0000 ","value1-> 222,000000;  value2-> 145,000000; operation: '-'; answer-> 77,0000 ","value1-> 222,000000;  value2-> 145,000000; operation: '%'; answer-> 153,1034 ","value1-> 12,000000;  value2-> 3,000000; operation: '+'; answer-> 15,0000 ","value1-> 222,000000;  value2-> 145,000000; operation: '*'; answer-> 32190,0000 ","value1-> 5,000000;  value2-> 6,000000; operation: '/'; answer-> 0,8333 ","value1-> 6,000000;  value2-> 11,000000; operation: '-'; answer-> -5,0000 ","value1-> 12,000000;  value2-> 3,000000; operation: '+'; answer-> 15,0000 ","value1-> 12,000000;  value2-> 3,000000; operation: '+'; answer-> 15,0000 ","value1-> 222,000000;  value2-> 145,000000; operation: '*'; answer-> 32190,0000 ","value1-> 222,000000;  value2-> 145,000000; operation: '+'; answer-> 367,0000 ","value1-> 222,000000;  value2-> 145,000000; operation: '-'; answer-> 77,0000 ","value1-> 222,000000;  value2-> 145,000000; operation: '%'; answer-> 153,1034 ","value1-> 6,000000;  value2-> 11,000000; operation: '-'; answer-> -5,0000 ","value1-> 5,000000;  value2-> 6,000000; operation: '/'; answer-> 0,8333 ","value1-> 12,000000;  value2-> 3,000000; operation: '+'; answer-> 15,0000 ","value1-> 12,000000;  value2-> 3,000000; operation: '+'; answer-> 15,0000 ","value1-> 12,000000;  value2-> 3,000000; operation: '+'; answer-> 15,0000 ","value1-> 5,000000;  value2-> 6,000000; operation: '/'; answer-> 0,8333 ","value1-> 6,000000;  value2-> 11,000000; operation: '-'; answer-> -5,0000 ","value1-> 222,000000;  value2-> 145,000000; operation: '*'; answer-> 32190,0000 ","value1-> 222,000000;  value2-> 145,000000; operation: '+'; answer-> 367,0000 ","value1-> 222,000000;  value2-> 145,000000; operation: '-'; answer-> 77,0000 ","value1-> 222,000000;  value2-> 145,000000; operation: '%'; answer-> 153,1034 ","value1-> 5,000000;  value2-> 6,000000; operation: '/'; answer-> 0,8333 ","value1-> 6,000000;  value2-> 11,000000; operation: '-'; answer-> -5,0000 ","value1-> 222,000000;  value2-> 145,000000; operation: '*'; answer-> 32190,0000 ","value1-> 222,000000;  value2-> 145,000000; operation: '+'; answer-> 367,0000 ","value1-> 222,000000;  value2-> 145,000000; operation: '-'; answer-> 77,0000 ","value1-> 222,000000;  value2-> 145,000000; operation: '%'; answer-> 153,1034 ","value1-> 12,000000;  value2-> 3,000000; operation: '+'; answer-> 15,0000 ","value1-> 45,000000;  value2-> 11,000000; operation: '*'; answer-> 495,0000 ","value1-> 5,000000;  value2-> 6,000000; operation: '/'; answer-> 0,8333 ","value1-> 6,000000;  value2-> 11,000000; operation: '-'; answer-> -5,0000 ","value1-> 222,000000;  value2-> 145,000000; operation: '*'; answer-> 32190,0000 ","value1-> 222,000000;  value2-> 145,000000; operation: '+'; answer-> 367,0000 ","value1-> 222,000000;  value2-> 145,000000; operation: '-'; answer-> 77,0000 ","value1-> 222,000000;  value2-> 145,000000; operation: '%'; answer-> 153,1034 ","value1-> 12,000000;  value2-> 3,000000; operation: '+'; answer-> 15,0000 ","value1-> 45,000000;  value2-> 11,000000; operation: '*'; answer-> 495,0000 ","value1-> 5,000000;  value2-> 6,000000; operation: '/'; answer-> 0,8333 ","value1-> 6,000000;  value2-> 11,000000; operation: '-'; answer-> -5,0000 ","value1-> 222,000000;  value2-> 145,000000; operation: '*'; answer-> 32190,0000 ","value1-> 222,000000;  value2-> 145,000000; operation: '+'; answer-> 367,0000 ","value1-> 222,000000;  value2-> 145,000000; operation: '-'; answer-> 77,0000 ","value1-> 222,000000;  value2-> 145,000000; operation: '%'; answer-> 153,1034 ","value1-> 12,000000;  value2-> 3,000000; operation: '+'; answer-> 15,0000 ","value1-> 45,000000;  value2-> 11,000000; operation: '*'; answer-> 495,0000 ","value1-> 5,000000;  value2-> 6,000000; operation: '/'; answer-> 0,8333 ","value1-> 6,000000;  value2-> 11,000000; operation: '-'; answer-> -5,0000 ","value1-> 222,000000;  value2-> 145,000000; operation: '*'; answer-> 32190,0000 ","value1-> 222,000000;  value2-> 145,000000; operation: '+'; answer-> 367,0000 ","value1-> 222,000000;  value2-> 145,000000; operation: '-'; answer-> 77,0000 ","value1-> 222,000000;  value2-> 145,000000; operation: '%'; answer-> 153,1034 ","value1-> 12,000000;  value2-> 3,000000; operation: '+'; answer-> 15,0000 "]]
at com.epam.labTA.web.CalculatorRestAPITest.checkMessagefromRestServiceTest(CalculatorRestAPITest.java:29)
... Removed 35 stack frames]]>
    </failure>
  </testcase> <!-- checkMessagefromRestServiceTest -->
  <testcase name="checkStatusForEndpointRestTest" time="3.035" classname="com.epam.labTA.web.CalculatorRestAPITest"/>
</testsuite> <!-- CalculateTest -->
