<?xml version="1.0" encoding="UTF-8"?>
<!-- Generated by org.testng.reporters.JUnitXMLReporter -->
<testsuite hostname="Olenkas-Air.kyiv.epam.com" ignored="0" name="CalculateTest" tests="11" failures="0" timestamp="2019-05-10T11:19:10 EEST" time="3.413" errors="0">
  <testcase name="checkRoundTo4Places" time="2.467" classname="com.epam.labTA.web.CalculateAPITest"/>
  <testcase name="verifyForbiddenZeroDivision" time="0.03" classname="com.epam.labTA.web.CalculateAPITest"/>
  <testcase name="verifyNegativeNumber" time="0.064" classname="com.epam.labTA.web.CalculateAPITest"/>
  <testcase name="verifyRightAddOperation" time="0.046" classname="com.epam.labTA.web.CalculateAPITest"/>
  <testcase name="verifyRightCalculateMethod" time="0.057" classname="com.epam.labTA.web.CalculateAPITest"/>
  <testcase name="verifyRightDivideOperation" time="0.045" classname="com.epam.labTA.web.CalculateAPITest"/>
  <testcase name="verifyRightMultiplyOperation" time="0.065" classname="com.epam.labTA.web.CalculateAPITest"/>
  <testcase name="verifyRightPercentageOperation" time="0.057" classname="com.epam.labTA.web.CalculateAPITest"/>
  <testcase name="verifyRightSubtractOperation" time="0.257" classname="com.epam.labTA.web.CalculateAPITest"/>
  <testcase name="checkBodyRestServiceTest" time="0.042" classname="com.epam.labTA.web.CalculatorRestAPITest"/>
  <testcase name="checkOtherOperationTest" time="0.02" classname="com.epam.labTA.web.CalculatorRestAPITest"/>
</testsuite> <!-- CalculateTest -->
