<?xml version="1.0" encoding="UTF-8"?>
<testng-results skipped="0" failed="0" ignored="0" total="11" passed="11">
  <reporter-output>
  </reporter-output>
  <suite name="Suite" duration-ms="3413" started-at="2019-05-10T11:19:07 EEST" finished-at="2019-05-10T11:19:10 EEST">
    <groups>
    </groups>
    <test name="CalculateTest" duration-ms="3413" started-at="2019-05-10T11:19:07 EEST" finished-at="2019-05-10T11:19:10 EEST">
      <class name="com.epam.labTA.web.CalculateAPITest">
        <test-method status="PASS" signature="setUp()[pri:0, instance:com.epam.labTA.web.CalculateAPITest@7b948f3e]" name="setUp" is-config="true" duration-ms="32" started-at="2019-05-10T11:19:07 EEST" finished-at="2019-05-10T11:19:07 EEST">
          <reporter-output>
          </reporter-output>
        </test-method> <!-- setUp -->
        <test-method status="PASS" signature="checkRoundTo4Places()[pri:0, instance:com.epam.labTA.web.CalculateAPITest@7b948f3e]" name="checkRoundTo4Places" duration-ms="2467" started-at="2019-05-10T11:19:07 EEST" finished-at="2019-05-10T11:19:09 EEST">
          <reporter-output>
          </reporter-output>
        </test-method> <!-- checkRoundTo4Places -->
        <test-method status="PASS" signature="verifyForbiddenZeroDivision()[pri:0, instance:com.epam.labTA.web.CalculateAPITest@7b948f3e]" name="verifyForbiddenZeroDivision" duration-ms="30" started-at="2019-05-10T11:19:10 EEST" finished-at="2019-05-10T11:19:10 EEST">
          <reporter-output>
          </reporter-output>
        </test-method> <!-- verifyForbiddenZeroDivision -->
        <test-method status="PASS" signature="verifyNegativeNumber()[pri:0, instance:com.epam.labTA.web.CalculateAPITest@7b948f3e]" name="verifyNegativeNumber" duration-ms="64" started-at="2019-05-10T11:19:10 EEST" finished-at="2019-05-10T11:19:10 EEST">
          <reporter-output>
          </reporter-output>
        </test-method> <!-- verifyNegativeNumber -->
        <test-method status="PASS" signature="verifyRightAddOperation()[pri:0, instance:com.epam.labTA.web.CalculateAPITest@7b948f3e]" name="verifyRightAddOperation" duration-ms="46" started-at="2019-05-10T11:19:10 EEST" finished-at="2019-05-10T11:19:10 EEST">
          <reporter-output>
          </reporter-output>
        </test-method> <!-- verifyRightAddOperation -->
        <test-method status="PASS" signature="verifyRightCalculateMethod()[pri:0, instance:com.epam.labTA.web.CalculateAPITest@7b948f3e]" name="verifyRightCalculateMethod" duration-ms="57" started-at="2019-05-10T11:19:10 EEST" finished-at="2019-05-10T11:19:10 EEST">
          <reporter-output>
          </reporter-output>
        </test-method> <!-- verifyRightCalculateMethod -->
        <test-method status="PASS" signature="verifyRightDivideOperation()[pri:0, instance:com.epam.labTA.web.CalculateAPITest@7b948f3e]" name="verifyRightDivideOperation" duration-ms="45" started-at="2019-05-10T11:19:10 EEST" finished-at="2019-05-10T11:19:10 EEST">
          <reporter-output>
          </reporter-output>
        </test-method> <!-- verifyRightDivideOperation -->
        <test-method status="PASS" signature="verifyRightMultiplyOperation()[pri:0, instance:com.epam.labTA.web.CalculateAPITest@7b948f3e]" name="verifyRightMultiplyOperation" duration-ms="65" started-at="2019-05-10T11:19:10 EEST" finished-at="2019-05-10T11:19:10 EEST">
          <reporter-output>
          </reporter-output>
        </test-method> <!-- verifyRightMultiplyOperation -->
        <test-method status="PASS" signature="verifyRightPercentageOperation()[pri:0, instance:com.epam.labTA.web.CalculateAPITest@7b948f3e]" name="verifyRightPercentageOperation" duration-ms="57" started-at="2019-05-10T11:19:10 EEST" finished-at="2019-05-10T11:19:10 EEST">
          <reporter-output>
          </reporter-output>
        </test-method> <!-- verifyRightPercentageOperation -->
        <test-method status="PASS" signature="verifyRightSubtractOperation()[pri:0, instance:com.epam.labTA.web.CalculateAPITest@7b948f3e]" name="verifyRightSubtractOperation" duration-ms="257" started-at="2019-05-10T11:19:10 EEST" finished-at="2019-05-10T11:19:10 EEST">
          <reporter-output>
          </reporter-output>
        </test-method> <!-- verifyRightSubtractOperation -->
      </class> <!-- com.epam.labTA.web.CalculateAPITest -->
      <class name="com.epam.labTA.web.CalculatorRestAPITest">
        <test-method status="PASS" signature="setUp()[pri:0, instance:com.epam.labTA.web.CalculatorRestAPITest@2f4c2cd4]" name="setUp" is-config="true" duration-ms="1" started-at="2019-05-10T11:19:10 EEST" finished-at="2019-05-10T11:19:10 EEST">
          <reporter-output>
          </reporter-output>
        </test-method> <!-- setUp -->
        <test-method status="PASS" signature="checkBodyRestServiceTest()[pri:0, instance:com.epam.labTA.web.CalculatorRestAPITest@2f4c2cd4]" name="checkBodyRestServiceTest" duration-ms="42" started-at="2019-05-10T11:19:10 EEST" finished-at="2019-05-10T11:19:10 EEST">
          <reporter-output>
          </reporter-output>
        </test-method> <!-- checkBodyRestServiceTest -->
        <test-method status="PASS" signature="checkOtherOperationTest()[pri:0, instance:com.epam.labTA.web.CalculatorRestAPITest@2f4c2cd4]" name="checkOtherOperationTest" duration-ms="20" started-at="2019-05-10T11:19:10 EEST" finished-at="2019-05-10T11:19:10 EEST">
          <reporter-output>
          </reporter-output>
        </test-method> <!-- checkOtherOperationTest -->
      </class> <!-- com.epam.labTA.web.CalculatorRestAPITest -->
    </test> <!-- CalculateTest -->
  </suite> <!-- Suite -->
</testng-results>
