-------------------------------------------------------------------------------
Test set: TestSuite
-------------------------------------------------------------------------------
Tests run: 8, Failures: 2, Errors: 0, Skipped: 0, Time elapsed: 9.256 sec <<< FAILURE! - in TestSuite
verifyNegativeNumber(com.epam.labTA.web.CalculateAPITest)  Time elapsed: 0.033 sec  <<< FAILURE!
java.lang.AssertionError: did not expect to find [-5.0] but found [5.0]
	at com.epam.labTA.web.CalculateAPITest.verifyNegativeNumber(CalculateAPITest.java:136)

checkMessagefromRestServiceTest(com.epam.labTA.web.CalculatorRestAPITest)  Time elapsed: 0.02 sec  <<< FAILURE!
java.lang.AssertionError: expected [["value1-> 12,000000;  value2-> 3,000000; operation: '+'; answer-> 15,0000 "]] but found [["value1-> 45,000000;  value2-> 11,000000; operation: '*'; answer-> 495,0000 ","value1-> 12,000000;  value2-> 3,000000; operation: '+'; answer-> 15,0000 ","value1-> 12,000000;  value2-> 3,000000; operation: '+'; answer-> 15,0000 ","value1-> 5,000000;  value2-> 6,000000; operation: '/'; answer-> 0,8333 ","value1-> 6,000000;  value2-> 11,000000; operation: '-'; answer-> -5,0000 ","value1-> 222,000000;  value2-> 145,000000; operation: '*'; answer-> 32190,0000 ","value1-> 222,000000;  value2-> 145,000000; operation: '+'; answer-> 367,0000 ","value1-> 222,000000;  value2-> 145,000000; operation: '-'; answer-> 77,0000 ","value1-> 222,000000;  value2-> 145,000000; operation: '%'; answer-> 153,1034 ","value1-> 12,000000;  value2-> 3,000000; operation: '+'; answer-> 15,0000 ","value1-> 5,000000;  value2-> 6,000000; operation: '/'; answer-> 0,8333 ","value1-> 6,000000;  value2-> 11,000000; operation: '-'; answer-> -5,0000 ","value1-> 222,000000;  value2-> 145,000000; operation: '*'; answer-> 32190,0000 ","value1-> 222,000000;  value2-> 145,000000; operation: '+'; answer-> 367,0000 ","value1-> 222,000000;  value2-> 145,000000; operation: '-'; answer-> 77,0000 ","value1-> 222,000000;  value2-> 145,000000; operation: '%'; answer-> 153,1034 ","value1-> 12,000000;  value2-> 3,000000; operation: '+'; answer-> 15,0000 ","value1-> 5,000000;  value2-> 6,000000; operation: '/'; answer-> 0,8333 ","value1-> 6,000000;  value2-> 11,000000; operation: '-'; answer-> -5,0000 ","value1-> 222,000000;  value2-> 145,000000; operation: '*'; answer-> 32190,0000 ","value1-> 222,000000;  value2-> 145,000000; operation: '+'; answer-> 367,0000 ","value1-> 222,000000;  value2-> 145,000000; operation: '-'; answer-> 77,0000 ","value1-> 222,000000;  value2-> 145,000000; operation: '%'; answer-> 153,1034 ","value1-> 12,000000;  value2-> 3,000000; operation: '+'; answer-> 15,0000 ","value1-> 222,000000;  value2-> 145,000000; operation: '*'; answer-> 32190,0000 ","value1-> 5,000000;  value2-> 6,000000; operation: '/'; answer-> 0,8333 ","value1-> 6,000000;  value2-> 11,000000; operation: '-'; answer-> -5,0000 ","value1-> 12,000000;  value2-> 3,000000; operation: '+'; answer-> 15,0000 ","value1-> 12,000000;  value2-> 3,000000; operation: '+'; answer-> 15,0000 ","value1-> 222,000000;  value2-> 145,000000; operation: '*'; answer-> 32190,0000 ","value1-> 222,000000;  value2-> 145,000000; operation: '+'; answer-> 367,0000 ","value1-> 222,000000;  value2-> 145,000000; operation: '-'; answer-> 77,0000 ","value1-> 222,000000;  value2-> 145,000000; operation: '%'; answer-> 153,1034 ","value1-> 6,000000;  value2-> 11,000000; operation: '-'; answer-> -5,0000 ","value1-> 5,000000;  value2-> 6,000000; operation: '/'; answer-> 0,8333 ","value1-> 12,000000;  value2-> 3,000000; operation: '+'; answer-> 15,0000 ","value1-> 12,000000;  value2-> 3,000000; operation: '+'; answer-> 15,0000 ","value1-> 12,000000;  value2-> 3,000000; operation: '+'; answer-> 15,0000 ","value1-> 5,000000;  value2-> 6,000000; operation: '/'; answer-> 0,8333 ","value1-> 6,000000;  value2-> 11,000000; operation: '-'; answer-> -5,0000 ","value1-> 222,000000;  value2-> 145,000000; operation: '*'; answer-> 32190,0000 ","value1-> 222,000000;  value2-> 145,000000; operation: '+'; answer-> 367,0000 ","value1-> 222,000000;  value2-> 145,000000; operation: '-'; answer-> 77,0000 ","value1-> 222,000000;  value2-> 145,000000; operation: '%'; answer-> 153,1034 ","value1-> 5,000000;  value2-> 6,000000; operation: '/'; answer-> 0,8333 ","value1-> 6,000000;  value2-> 11,000000; operation: '-'; answer-> -5,0000 ","value1-> 222,000000;  value2-> 145,000000; operation: '*'; answer-> 32190,0000 ","value1-> 222,000000;  value2-> 145,000000; operation: '+'; answer-> 367,0000 ","value1-> 222,000000;  value2-> 145,000000; operation: '-'; answer-> 77,0000 ","value1-> 222,000000;  value2-> 145,000000; operation: '%'; answer-> 153,1034 ","value1-> 12,000000;  value2-> 3,000000; operation: '+'; answer-> 15,0000 ","value1-> 45,000000;  value2-> 11,000000; operation: '*'; answer-> 495,0000 ","value1-> 5,000000;  value2-> 6,000000; operation: '/'; answer-> 0,8333 ","value1-> 6,000000;  value2-> 11,000000; operation: '-'; answer-> -5,0000 ","value1-> 222,000000;  value2-> 145,000000; operation: '*'; answer-> 32190,0000 ","value1-> 222,000000;  value2-> 145,000000; operation: '+'; answer-> 367,0000 ","value1-> 222,000000;  value2-> 145,000000; operation: '-'; answer-> 77,0000 ","value1-> 222,000000;  value2-> 145,000000; operation: '%'; answer-> 153,1034 ","value1-> 12,000000;  value2-> 3,000000; operation: '+'; answer-> 15,0000 ","value1-> 45,000000;  value2-> 11,000000; operation: '*'; answer-> 495,0000 ","value1-> 5,000000;  value2-> 6,000000; operation: '/'; answer-> 0,8333 ","value1-> 6,000000;  value2-> 11,000000; operation: '-'; answer-> -5,0000 ","value1-> 222,000000;  value2-> 145,000000; operation: '*'; answer-> 32190,0000 ","value1-> 222,000000;  value2-> 145,000000; operation: '+'; answer-> 367,0000 ","value1-> 222,000000;  value2-> 145,000000; operation: '-'; answer-> 77,0000 ","value1-> 222,000000;  value2-> 145,000000; operation: '%'; answer-> 153,1034 ","value1-> 12,000000;  value2-> 3,000000; operation: '+'; answer-> 15,0000 ","value1-> 45,000000;  value2-> 11,000000; operation: '*'; answer-> 495,0000 ","value1-> 5,000000;  value2-> 6,000000; operation: '/'; answer-> 0,8333 ","value1-> 6,000000;  value2-> 11,000000; operation: '-'; answer-> -5,0000 ","value1-> 222,000000;  value2-> 145,000000; operation: '*'; answer-> 32190,0000 ","value1-> 222,000000;  value2-> 145,000000; operation: '+'; answer-> 367,0000 ","value1-> 222,000000;  value2-> 145,000000; operation: '-'; answer-> 77,0000 ","value1-> 222,000000;  value2-> 145,000000; operation: '%'; answer-> 153,1034 ","value1-> 12,000000;  value2-> 3,000000; operation: '+'; answer-> 15,0000 "]]
	at com.epam.labTA.web.CalculatorRestAPITest.checkMessagefromRestServiceTest(CalculatorRestAPITest.java:29)

